d:\ktü\4. yıl\artificial neural networks\collect_2\collect\x64\debug\vc142.pdb
d:\ktü\4. yıl\artificial neural networks\collect_2\collect\x64\debug\.netframework,version=v4.7.2.assemblyattributes.obj
d:\ktü\4. yıl\artificial neural networks\collect_2\collect\x64\debug\collect.pch
d:\ktü\4. yıl\artificial neural networks\collect_2\collect\x64\debug\pch.obj
d:\ktü\4. yıl\artificial neural networks\collect_2\collect\x64\debug\process.obj
d:\ktü\4. yıl\artificial neural networks\collect_2\collect\x64\debug\form1.obj
d:\ktü\4. yıl\artificial neural networks\collect_2\collect\x64\debug\cppclr_winformsprojekt.obj
d:\ktü\4. yıl\artificial neural networks\collect_2\collect\x64\debug\assemblyinfo.obj
d:\ktü\4. yıl\artificial neural networks\collect_2\collect\x64\debug\collect.form1.resources
d:\ktü\4. yıl\artificial neural networks\collect_2\x64\debug\collect.exe
d:\ktü\4. yıl\artificial neural networks\collect_2\x64\debug\collect.pdb
d:\ktü\4. yıl\artificial neural networks\collect_2\collect\x64\debug\app.res
d:\ktü\4. yıl\artificial neural networks\collect_2\collect\x64\debug\collect.tlog\cl.command.1.tlog
d:\ktü\4. yıl\artificial neural networks\collect_2\collect\x64\debug\collect.tlog\cl.read.1.tlog
d:\ktü\4. yıl\artificial neural networks\collect_2\collect\x64\debug\collect.tlog\cl.write.1.tlog
d:\ktü\4. yıl\artificial neural networks\collect_2\collect\x64\debug\collect.tlog\collect.write.1u.tlog
d:\ktü\4. yıl\artificial neural networks\collect_2\collect\x64\debug\collect.tlog\link.command.1.tlog
d:\ktü\4. yıl\artificial neural networks\collect_2\collect\x64\debug\collect.tlog\link.read.1.tlog
d:\ktü\4. yıl\artificial neural networks\collect_2\collect\x64\debug\collect.tlog\link.write.1.tlog
d:\ktü\4. yıl\artificial neural networks\collect_2\collect\x64\debug\collect.tlog\metagen.read.1.tlog
d:\ktü\4. yıl\artificial neural networks\collect_2\collect\x64\debug\collect.tlog\metagen.write.1.tlog
d:\ktü\4. yıl\artificial neural networks\collect_2\collect\x64\debug\collect.tlog\rc.command.1.tlog
d:\ktü\4. yıl\artificial neural networks\collect_2\collect\x64\debug\collect.tlog\rc.read.1.tlog
d:\ktü\4. yıl\artificial neural networks\collect_2\collect\x64\debug\collect.tlog\rc.write.1.tlog
